C:\USERS\JOHN\DOCUMENTS\VISUAL STUDIO 2012\PROJECTS\CSIS LAB 2\CSIS LAB 2\DEBUG\VC110.PDB
C:\USERS\JOHN\DOCUMENTS\VISUAL STUDIO 2012\PROJECTS\CSIS LAB 2\CSIS LAB 2\DEBUG\IMPLEMENTATION.OBJ
C:\USERS\JOHN\DOCUMENTS\VISUAL STUDIO 2012\PROJECTS\CSIS LAB 2\CSIS LAB 2\DEBUG\NODE.OBJ
C:\USERS\JOHN\DOCUMENTS\VISUAL STUDIO 2012\PROJECTS\CSIS LAB 2\DEBUG\CSIS LAB 2.ILK
C:\USERS\JOHN\DOCUMENTS\VISUAL STUDIO 2012\PROJECTS\CSIS LAB 2\DEBUG\CSIS LAB 2.EXE
C:\USERS\JOHN\DOCUMENTS\VISUAL STUDIO 2012\PROJECTS\CSIS LAB 2\DEBUG\CSIS LAB 2.PDB
c:\Users\John\documents\visual studio 2012\Projects\CSIS Lab 2\CSIS Lab 2\Debug\Implementation.obj
c:\Users\John\documents\visual studio 2012\Projects\CSIS Lab 2\CSIS Lab 2\Debug\Node.obj
c:\Users\John\documents\visual studio 2012\Projects\CSIS Lab 2\CSIS Lab 2\Debug\cl.command.1.tlog
c:\Users\John\documents\visual studio 2012\Projects\CSIS Lab 2\CSIS Lab 2\Debug\CL.read.1.tlog
c:\Users\John\documents\visual studio 2012\Projects\CSIS Lab 2\CSIS Lab 2\Debug\CL.write.1.tlog
c:\Users\John\documents\visual studio 2012\Projects\CSIS Lab 2\CSIS Lab 2\Debug\link-cvtres.read.1.tlog
c:\Users\John\documents\visual studio 2012\Projects\CSIS Lab 2\CSIS Lab 2\Debug\link-cvtres.write.1.tlog
c:\Users\John\documents\visual studio 2012\Projects\CSIS Lab 2\CSIS Lab 2\Debug\link-rc.read.1.tlog
c:\Users\John\documents\visual studio 2012\Projects\CSIS Lab 2\CSIS Lab 2\Debug\link-rc.write.1.tlog
c:\Users\John\documents\visual studio 2012\Projects\CSIS Lab 2\CSIS Lab 2\Debug\link.10012-cvtres.read.1.tlog
c:\Users\John\documents\visual studio 2012\Projects\CSIS Lab 2\CSIS Lab 2\Debug\link.10012-cvtres.write.1.tlog
c:\Users\John\documents\visual studio 2012\Projects\CSIS Lab 2\CSIS Lab 2\Debug\link.10012-rc.read.1.tlog
c:\Users\John\documents\visual studio 2012\Projects\CSIS Lab 2\CSIS Lab 2\Debug\link.10012-rc.write.1.tlog
c:\Users\John\documents\visual studio 2012\Projects\CSIS Lab 2\CSIS Lab 2\Debug\link.10012.read.1.tlog
c:\Users\John\documents\visual studio 2012\Projects\CSIS Lab 2\CSIS Lab 2\Debug\link.10012.write.1.tlog
c:\Users\John\documents\visual studio 2012\Projects\CSIS Lab 2\CSIS Lab 2\Debug\link.10160-cvtres.read.1.tlog
c:\Users\John\documents\visual studio 2012\Projects\CSIS Lab 2\CSIS Lab 2\Debug\link.10160-cvtres.write.1.tlog
c:\Users\John\documents\visual studio 2012\Projects\CSIS Lab 2\CSIS Lab 2\Debug\link.10160-rc.read.1.tlog
c:\Users\John\documents\visual studio 2012\Projects\CSIS Lab 2\CSIS Lab 2\Debug\link.10160-rc.write.1.tlog
c:\Users\John\documents\visual studio 2012\Projects\CSIS Lab 2\CSIS Lab 2\Debug\link.10160.read.1.tlog
c:\Users\John\documents\visual studio 2012\Projects\CSIS Lab 2\CSIS Lab 2\Debug\link.10160.write.1.tlog
c:\Users\John\documents\visual studio 2012\Projects\CSIS Lab 2\CSIS Lab 2\Debug\link.10456-cvtres.read.1.tlog
c:\Users\John\documents\visual studio 2012\Projects\CSIS Lab 2\CSIS Lab 2\Debug\link.10456-cvtres.write.1.tlog
c:\Users\John\documents\visual studio 2012\Projects\CSIS Lab 2\CSIS Lab 2\Debug\link.10456-rc.read.1.tlog
c:\Users\John\documents\visual studio 2012\Projects\CSIS Lab 2\CSIS Lab 2\Debug\link.10456-rc.write.1.tlog
c:\Users\John\documents\visual studio 2012\Projects\CSIS Lab 2\CSIS Lab 2\Debug\link.10456.read.1.tlog
c:\Users\John\documents\visual studio 2012\Projects\CSIS Lab 2\CSIS Lab 2\Debug\link.10456.write.1.tlog
c:\Users\John\documents\visual studio 2012\Projects\CSIS Lab 2\CSIS Lab 2\Debug\link.10956-cvtres.read.1.tlog
c:\Users\John\documents\visual studio 2012\Projects\CSIS Lab 2\CSIS Lab 2\Debug\link.10956-cvtres.write.1.tlog
c:\Users\John\documents\visual studio 2012\Projects\CSIS Lab 2\CSIS Lab 2\Debug\link.10956-rc.read.1.tlog
c:\Users\John\documents\visual studio 2012\Projects\CSIS Lab 2\CSIS Lab 2\Debug\link.10956-rc.write.1.tlog
c:\Users\John\documents\visual studio 2012\Projects\CSIS Lab 2\CSIS Lab 2\Debug\link.10956.read.1.tlog
c:\Users\John\documents\visual studio 2012\Projects\CSIS Lab 2\CSIS Lab 2\Debug\link.10956.write.1.tlog
c:\Users\John\documents\visual studio 2012\Projects\CSIS Lab 2\CSIS Lab 2\Debug\link.11052-cvtres.read.1.tlog
c:\Users\John\documents\visual studio 2012\Projects\CSIS Lab 2\CSIS Lab 2\Debug\link.11052-cvtres.write.1.tlog
c:\Users\John\documents\visual studio 2012\Projects\CSIS Lab 2\CSIS Lab 2\Debug\link.11052-rc.read.1.tlog
c:\Users\John\documents\visual studio 2012\Projects\CSIS Lab 2\CSIS Lab 2\Debug\link.11052-rc.write.1.tlog
c:\Users\John\documents\visual studio 2012\Projects\CSIS Lab 2\CSIS Lab 2\Debug\link.11052.read.1.tlog
c:\Users\John\documents\visual studio 2012\Projects\CSIS Lab 2\CSIS Lab 2\Debug\link.11052.write.1.tlog
c:\Users\John\documents\visual studio 2012\Projects\CSIS Lab 2\CSIS Lab 2\Debug\link.11140-cvtres.read.1.tlog
c:\Users\John\documents\visual studio 2012\Projects\CSIS Lab 2\CSIS Lab 2\Debug\link.11140-cvtres.write.1.tlog
c:\Users\John\documents\visual studio 2012\Projects\CSIS Lab 2\CSIS Lab 2\Debug\link.11140-rc.read.1.tlog
c:\Users\John\documents\visual studio 2012\Projects\CSIS Lab 2\CSIS Lab 2\Debug\link.11140-rc.write.1.tlog
c:\Users\John\documents\visual studio 2012\Projects\CSIS Lab 2\CSIS Lab 2\Debug\link.11140.read.1.tlog
c:\Users\John\documents\visual studio 2012\Projects\CSIS Lab 2\CSIS Lab 2\Debug\link.11140.write.1.tlog
c:\Users\John\documents\visual studio 2012\Projects\CSIS Lab 2\CSIS Lab 2\Debug\link.11304-cvtres.read.1.tlog
c:\Users\John\documents\visual studio 2012\Projects\CSIS Lab 2\CSIS Lab 2\Debug\link.11304-cvtres.write.1.tlog
c:\Users\John\documents\visual studio 2012\Projects\CSIS Lab 2\CSIS Lab 2\Debug\link.11304-rc.read.1.tlog
c:\Users\John\documents\visual studio 2012\Projects\CSIS Lab 2\CSIS Lab 2\Debug\link.11304-rc.write.1.tlog
c:\Users\John\documents\visual studio 2012\Projects\CSIS Lab 2\CSIS Lab 2\Debug\link.11304.read.1.tlog
c:\Users\John\documents\visual studio 2012\Projects\CSIS Lab 2\CSIS Lab 2\Debug\link.11304.write.1.tlog
c:\Users\John\documents\visual studio 2012\Projects\CSIS Lab 2\CSIS Lab 2\Debug\link.11368-cvtres.read.1.tlog
c:\Users\John\documents\visual studio 2012\Projects\CSIS Lab 2\CSIS Lab 2\Debug\link.11368-cvtres.write.1.tlog
c:\Users\John\documents\visual studio 2012\Projects\CSIS Lab 2\CSIS Lab 2\Debug\link.11368-rc.read.1.tlog
c:\Users\John\documents\visual studio 2012\Projects\CSIS Lab 2\CSIS Lab 2\Debug\link.11368-rc.write.1.tlog
c:\Users\John\documents\visual studio 2012\Projects\CSIS Lab 2\CSIS Lab 2\Debug\link.11368.read.1.tlog
c:\Users\John\documents\visual studio 2012\Projects\CSIS Lab 2\CSIS Lab 2\Debug\link.11368.write.1.tlog
c:\Users\John\documents\visual studio 2012\Projects\CSIS Lab 2\CSIS Lab 2\Debug\link.12244-cvtres.read.1.tlog
c:\Users\John\documents\visual studio 2012\Projects\CSIS Lab 2\CSIS Lab 2\Debug\link.12244-cvtres.write.1.tlog
c:\Users\John\documents\visual studio 2012\Projects\CSIS Lab 2\CSIS Lab 2\Debug\link.12244-rc.read.1.tlog
c:\Users\John\documents\visual studio 2012\Projects\CSIS Lab 2\CSIS Lab 2\Debug\link.12244-rc.write.1.tlog
c:\Users\John\documents\visual studio 2012\Projects\CSIS Lab 2\CSIS Lab 2\Debug\link.12244.read.1.tlog
c:\Users\John\documents\visual studio 2012\Projects\CSIS Lab 2\CSIS Lab 2\Debug\link.12244.write.1.tlog
c:\Users\John\documents\visual studio 2012\Projects\CSIS Lab 2\CSIS Lab 2\Debug\link.12440-cvtres.read.1.tlog
c:\Users\John\documents\visual studio 2012\Projects\CSIS Lab 2\CSIS Lab 2\Debug\link.12440-cvtres.write.1.tlog
c:\Users\John\documents\visual studio 2012\Projects\CSIS Lab 2\CSIS Lab 2\Debug\link.12440-rc.read.1.tlog
c:\Users\John\documents\visual studio 2012\Projects\CSIS Lab 2\CSIS Lab 2\Debug\link.12440-rc.write.1.tlog
c:\Users\John\documents\visual studio 2012\Projects\CSIS Lab 2\CSIS Lab 2\Debug\link.12440.read.1.tlog
c:\Users\John\documents\visual studio 2012\Projects\CSIS Lab 2\CSIS Lab 2\Debug\link.12440.write.1.tlog
c:\Users\John\documents\visual studio 2012\Projects\CSIS Lab 2\CSIS Lab 2\Debug\link.12480-cvtres.read.1.tlog
c:\Users\John\documents\visual studio 2012\Projects\CSIS Lab 2\CSIS Lab 2\Debug\link.12480-cvtres.write.1.tlog
c:\Users\John\documents\visual studio 2012\Projects\CSIS Lab 2\CSIS Lab 2\Debug\link.12480-rc.read.1.tlog
c:\Users\John\documents\visual studio 2012\Projects\CSIS Lab 2\CSIS Lab 2\Debug\link.12480-rc.write.1.tlog
c:\Users\John\documents\visual studio 2012\Projects\CSIS Lab 2\CSIS Lab 2\Debug\link.12480.read.1.tlog
c:\Users\John\documents\visual studio 2012\Projects\CSIS Lab 2\CSIS Lab 2\Debug\link.12480.write.1.tlog
c:\Users\John\documents\visual studio 2012\Projects\CSIS Lab 2\CSIS Lab 2\Debug\link.13100-cvtres.read.1.tlog
c:\Users\John\documents\visual studio 2012\Projects\CSIS Lab 2\CSIS Lab 2\Debug\link.13100-cvtres.write.1.tlog
c:\Users\John\documents\visual studio 2012\Projects\CSIS Lab 2\CSIS Lab 2\Debug\link.13100-rc.read.1.tlog
c:\Users\John\documents\visual studio 2012\Projects\CSIS Lab 2\CSIS Lab 2\Debug\link.13100-rc.write.1.tlog
c:\Users\John\documents\visual studio 2012\Projects\CSIS Lab 2\CSIS Lab 2\Debug\link.13100.read.1.tlog
c:\Users\John\documents\visual studio 2012\Projects\CSIS Lab 2\CSIS Lab 2\Debug\link.13100.write.1.tlog
c:\Users\John\documents\visual studio 2012\Projects\CSIS Lab 2\CSIS Lab 2\Debug\link.1480-cvtres.read.1.tlog
c:\Users\John\documents\visual studio 2012\Projects\CSIS Lab 2\CSIS Lab 2\Debug\link.1480-cvtres.write.1.tlog
c:\Users\John\documents\visual studio 2012\Projects\CSIS Lab 2\CSIS Lab 2\Debug\link.1480-rc.read.1.tlog
c:\Users\John\documents\visual studio 2012\Projects\CSIS Lab 2\CSIS Lab 2\Debug\link.1480-rc.write.1.tlog
c:\Users\John\documents\visual studio 2012\Projects\CSIS Lab 2\CSIS Lab 2\Debug\link.1480.read.1.tlog
c:\Users\John\documents\visual studio 2012\Projects\CSIS Lab 2\CSIS Lab 2\Debug\link.1480.write.1.tlog
c:\Users\John\documents\visual studio 2012\Projects\CSIS Lab 2\CSIS Lab 2\Debug\link.1824-cvtres.read.1.tlog
c:\Users\John\documents\visual studio 2012\Projects\CSIS Lab 2\CSIS Lab 2\Debug\link.1824-cvtres.write.1.tlog
c:\Users\John\documents\visual studio 2012\Projects\CSIS Lab 2\CSIS Lab 2\Debug\link.1824-rc.read.1.tlog
c:\Users\John\documents\visual studio 2012\Projects\CSIS Lab 2\CSIS Lab 2\Debug\link.1824-rc.write.1.tlog
c:\Users\John\documents\visual studio 2012\Projects\CSIS Lab 2\CSIS Lab 2\Debug\link.1824.read.1.tlog
c:\Users\John\documents\visual studio 2012\Projects\CSIS Lab 2\CSIS Lab 2\Debug\link.1824.write.1.tlog
c:\Users\John\documents\visual studio 2012\Projects\CSIS Lab 2\CSIS Lab 2\Debug\link.1940-cvtres.read.1.tlog
c:\Users\John\documents\visual studio 2012\Projects\CSIS Lab 2\CSIS Lab 2\Debug\link.1940-cvtres.write.1.tlog
c:\Users\John\documents\visual studio 2012\Projects\CSIS Lab 2\CSIS Lab 2\Debug\link.1940-rc.read.1.tlog
c:\Users\John\documents\visual studio 2012\Projects\CSIS Lab 2\CSIS Lab 2\Debug\link.1940-rc.write.1.tlog
c:\Users\John\documents\visual studio 2012\Projects\CSIS Lab 2\CSIS Lab 2\Debug\link.1940.read.1.tlog
c:\Users\John\documents\visual studio 2012\Projects\CSIS Lab 2\CSIS Lab 2\Debug\link.1940.write.1.tlog
c:\Users\John\documents\visual studio 2012\Projects\CSIS Lab 2\CSIS Lab 2\Debug\link.2832-cvtres.read.1.tlog
c:\Users\John\documents\visual studio 2012\Projects\CSIS Lab 2\CSIS Lab 2\Debug\link.2832-cvtres.write.1.tlog
c:\Users\John\documents\visual studio 2012\Projects\CSIS Lab 2\CSIS Lab 2\Debug\link.2832-rc.read.1.tlog
c:\Users\John\documents\visual studio 2012\Projects\CSIS Lab 2\CSIS Lab 2\Debug\link.2832-rc.write.1.tlog
c:\Users\John\documents\visual studio 2012\Projects\CSIS Lab 2\CSIS Lab 2\Debug\link.2832.read.1.tlog
c:\Users\John\documents\visual studio 2012\Projects\CSIS Lab 2\CSIS Lab 2\Debug\link.2832.write.1.tlog
c:\Users\John\documents\visual studio 2012\Projects\CSIS Lab 2\CSIS Lab 2\Debug\link.2968-cvtres.read.1.tlog
c:\Users\John\documents\visual studio 2012\Projects\CSIS Lab 2\CSIS Lab 2\Debug\link.2968-cvtres.write.1.tlog
c:\Users\John\documents\visual studio 2012\Projects\CSIS Lab 2\CSIS Lab 2\Debug\link.2968-rc.read.1.tlog
c:\Users\John\documents\visual studio 2012\Projects\CSIS Lab 2\CSIS Lab 2\Debug\link.2968-rc.write.1.tlog
c:\Users\John\documents\visual studio 2012\Projects\CSIS Lab 2\CSIS Lab 2\Debug\link.2968.read.1.tlog
c:\Users\John\documents\visual studio 2012\Projects\CSIS Lab 2\CSIS Lab 2\Debug\link.2968.write.1.tlog
c:\Users\John\documents\visual studio 2012\Projects\CSIS Lab 2\CSIS Lab 2\Debug\link.3900-cvtres.read.1.tlog
c:\Users\John\documents\visual studio 2012\Projects\CSIS Lab 2\CSIS Lab 2\Debug\link.3900-cvtres.write.1.tlog
c:\Users\John\documents\visual studio 2012\Projects\CSIS Lab 2\CSIS Lab 2\Debug\link.3900-rc.read.1.tlog
c:\Users\John\documents\visual studio 2012\Projects\CSIS Lab 2\CSIS Lab 2\Debug\link.3900-rc.write.1.tlog
c:\Users\John\documents\visual studio 2012\Projects\CSIS Lab 2\CSIS Lab 2\Debug\link.3900.read.1.tlog
c:\Users\John\documents\visual studio 2012\Projects\CSIS Lab 2\CSIS Lab 2\Debug\link.3900.write.1.tlog
c:\Users\John\documents\visual studio 2012\Projects\CSIS Lab 2\CSIS Lab 2\Debug\link.4384-cvtres.read.1.tlog
c:\Users\John\documents\visual studio 2012\Projects\CSIS Lab 2\CSIS Lab 2\Debug\link.4384-cvtres.write.1.tlog
c:\Users\John\documents\visual studio 2012\Projects\CSIS Lab 2\CSIS Lab 2\Debug\link.4384-rc.read.1.tlog
c:\Users\John\documents\visual studio 2012\Projects\CSIS Lab 2\CSIS Lab 2\Debug\link.4384-rc.write.1.tlog
c:\Users\John\documents\visual studio 2012\Projects\CSIS Lab 2\CSIS Lab 2\Debug\link.4384.read.1.tlog
c:\Users\John\documents\visual studio 2012\Projects\CSIS Lab 2\CSIS Lab 2\Debug\link.4384.write.1.tlog
c:\Users\John\documents\visual studio 2012\Projects\CSIS Lab 2\CSIS Lab 2\Debug\link.4680-cvtres.read.1.tlog
c:\Users\John\documents\visual studio 2012\Projects\CSIS Lab 2\CSIS Lab 2\Debug\link.4680-cvtres.write.1.tlog
c:\Users\John\documents\visual studio 2012\Projects\CSIS Lab 2\CSIS Lab 2\Debug\link.4680-rc.read.1.tlog
c:\Users\John\documents\visual studio 2012\Projects\CSIS Lab 2\CSIS Lab 2\Debug\link.4680-rc.write.1.tlog
c:\Users\John\documents\visual studio 2012\Projects\CSIS Lab 2\CSIS Lab 2\Debug\link.4680.read.1.tlog
c:\Users\John\documents\visual studio 2012\Projects\CSIS Lab 2\CSIS Lab 2\Debug\link.4680.write.1.tlog
c:\Users\John\documents\visual studio 2012\Projects\CSIS Lab 2\CSIS Lab 2\Debug\link.5112-cvtres.read.1.tlog
c:\Users\John\documents\visual studio 2012\Projects\CSIS Lab 2\CSIS Lab 2\Debug\link.5112-cvtres.write.1.tlog
c:\Users\John\documents\visual studio 2012\Projects\CSIS Lab 2\CSIS Lab 2\Debug\link.5112-rc.read.1.tlog
c:\Users\John\documents\visual studio 2012\Projects\CSIS Lab 2\CSIS Lab 2\Debug\link.5112-rc.write.1.tlog
c:\Users\John\documents\visual studio 2012\Projects\CSIS Lab 2\CSIS Lab 2\Debug\link.5112.read.1.tlog
c:\Users\John\documents\visual studio 2012\Projects\CSIS Lab 2\CSIS Lab 2\Debug\link.5112.write.1.tlog
c:\Users\John\documents\visual studio 2012\Projects\CSIS Lab 2\CSIS Lab 2\Debug\link.5268-cvtres.read.1.tlog
c:\Users\John\documents\visual studio 2012\Projects\CSIS Lab 2\CSIS Lab 2\Debug\link.5268-cvtres.write.1.tlog
c:\Users\John\documents\visual studio 2012\Projects\CSIS Lab 2\CSIS Lab 2\Debug\link.5268-rc.read.1.tlog
c:\Users\John\documents\visual studio 2012\Projects\CSIS Lab 2\CSIS Lab 2\Debug\link.5268-rc.write.1.tlog
c:\Users\John\documents\visual studio 2012\Projects\CSIS Lab 2\CSIS Lab 2\Debug\link.5268.read.1.tlog
c:\Users\John\documents\visual studio 2012\Projects\CSIS Lab 2\CSIS Lab 2\Debug\link.5268.write.1.tlog
c:\Users\John\documents\visual studio 2012\Projects\CSIS Lab 2\CSIS Lab 2\Debug\link.5320-cvtres.read.1.tlog
c:\Users\John\documents\visual studio 2012\Projects\CSIS Lab 2\CSIS Lab 2\Debug\link.5320-cvtres.write.1.tlog
c:\Users\John\documents\visual studio 2012\Projects\CSIS Lab 2\CSIS Lab 2\Debug\link.5320-rc.read.1.tlog
c:\Users\John\documents\visual studio 2012\Projects\CSIS Lab 2\CSIS Lab 2\Debug\link.5320-rc.write.1.tlog
c:\Users\John\documents\visual studio 2012\Projects\CSIS Lab 2\CSIS Lab 2\Debug\link.5320.read.1.tlog
c:\Users\John\documents\visual studio 2012\Projects\CSIS Lab 2\CSIS Lab 2\Debug\link.5320.write.1.tlog
c:\Users\John\documents\visual studio 2012\Projects\CSIS Lab 2\CSIS Lab 2\Debug\link.5748-cvtres.read.1.tlog
c:\Users\John\documents\visual studio 2012\Projects\CSIS Lab 2\CSIS Lab 2\Debug\link.5748-cvtres.write.1.tlog
c:\Users\John\documents\visual studio 2012\Projects\CSIS Lab 2\CSIS Lab 2\Debug\link.5748-rc.read.1.tlog
c:\Users\John\documents\visual studio 2012\Projects\CSIS Lab 2\CSIS Lab 2\Debug\link.5748-rc.write.1.tlog
c:\Users\John\documents\visual studio 2012\Projects\CSIS Lab 2\CSIS Lab 2\Debug\link.5748.read.1.tlog
c:\Users\John\documents\visual studio 2012\Projects\CSIS Lab 2\CSIS Lab 2\Debug\link.5748.write.1.tlog
c:\Users\John\documents\visual studio 2012\Projects\CSIS Lab 2\CSIS Lab 2\Debug\link.6128-cvtres.read.1.tlog
c:\Users\John\documents\visual studio 2012\Projects\CSIS Lab 2\CSIS Lab 2\Debug\link.6128-cvtres.write.1.tlog
c:\Users\John\documents\visual studio 2012\Projects\CSIS Lab 2\CSIS Lab 2\Debug\link.6128-rc.read.1.tlog
c:\Users\John\documents\visual studio 2012\Projects\CSIS Lab 2\CSIS Lab 2\Debug\link.6128-rc.write.1.tlog
c:\Users\John\documents\visual studio 2012\Projects\CSIS Lab 2\CSIS Lab 2\Debug\link.6128.read.1.tlog
c:\Users\John\documents\visual studio 2012\Projects\CSIS Lab 2\CSIS Lab 2\Debug\link.6128.write.1.tlog
c:\Users\John\documents\visual studio 2012\Projects\CSIS Lab 2\CSIS Lab 2\Debug\link.6448-cvtres.read.1.tlog
c:\Users\John\documents\visual studio 2012\Projects\CSIS Lab 2\CSIS Lab 2\Debug\link.6448-cvtres.write.1.tlog
c:\Users\John\documents\visual studio 2012\Projects\CSIS Lab 2\CSIS Lab 2\Debug\link.6448-rc.read.1.tlog
c:\Users\John\documents\visual studio 2012\Projects\CSIS Lab 2\CSIS Lab 2\Debug\link.6448-rc.write.1.tlog
c:\Users\John\documents\visual studio 2012\Projects\CSIS Lab 2\CSIS Lab 2\Debug\link.6448.read.1.tlog
c:\Users\John\documents\visual studio 2012\Projects\CSIS Lab 2\CSIS Lab 2\Debug\link.6448.write.1.tlog
c:\Users\John\documents\visual studio 2012\Projects\CSIS Lab 2\CSIS Lab 2\Debug\link.6632-cvtres.read.1.tlog
c:\Users\John\documents\visual studio 2012\Projects\CSIS Lab 2\CSIS Lab 2\Debug\link.6632-cvtres.write.1.tlog
c:\Users\John\documents\visual studio 2012\Projects\CSIS Lab 2\CSIS Lab 2\Debug\link.6632-rc.read.1.tlog
c:\Users\John\documents\visual studio 2012\Projects\CSIS Lab 2\CSIS Lab 2\Debug\link.6632-rc.write.1.tlog
c:\Users\John\documents\visual studio 2012\Projects\CSIS Lab 2\CSIS Lab 2\Debug\link.6632.read.1.tlog
c:\Users\John\documents\visual studio 2012\Projects\CSIS Lab 2\CSIS Lab 2\Debug\link.6632.write.1.tlog
c:\Users\John\documents\visual studio 2012\Projects\CSIS Lab 2\CSIS Lab 2\Debug\link.6888-cvtres.read.1.tlog
c:\Users\John\documents\visual studio 2012\Projects\CSIS Lab 2\CSIS Lab 2\Debug\link.6888-cvtres.write.1.tlog
c:\Users\John\documents\visual studio 2012\Projects\CSIS Lab 2\CSIS Lab 2\Debug\link.6888-rc.read.1.tlog
c:\Users\John\documents\visual studio 2012\Projects\CSIS Lab 2\CSIS Lab 2\Debug\link.6888-rc.write.1.tlog
c:\Users\John\documents\visual studio 2012\Projects\CSIS Lab 2\CSIS Lab 2\Debug\link.6888.read.1.tlog
c:\Users\John\documents\visual studio 2012\Projects\CSIS Lab 2\CSIS Lab 2\Debug\link.6888.write.1.tlog
c:\Users\John\documents\visual studio 2012\Projects\CSIS Lab 2\CSIS Lab 2\Debug\link.6956-cvtres.read.1.tlog
c:\Users\John\documents\visual studio 2012\Projects\CSIS Lab 2\CSIS Lab 2\Debug\link.6956-cvtres.write.1.tlog
c:\Users\John\documents\visual studio 2012\Projects\CSIS Lab 2\CSIS Lab 2\Debug\link.6956-rc.read.1.tlog
c:\Users\John\documents\visual studio 2012\Projects\CSIS Lab 2\CSIS Lab 2\Debug\link.6956-rc.write.1.tlog
c:\Users\John\documents\visual studio 2012\Projects\CSIS Lab 2\CSIS Lab 2\Debug\link.6956.read.1.tlog
c:\Users\John\documents\visual studio 2012\Projects\CSIS Lab 2\CSIS Lab 2\Debug\link.6956.write.1.tlog
c:\Users\John\documents\visual studio 2012\Projects\CSIS Lab 2\CSIS Lab 2\Debug\link.7012-cvtres.read.1.tlog
c:\Users\John\documents\visual studio 2012\Projects\CSIS Lab 2\CSIS Lab 2\Debug\link.7012-cvtres.write.1.tlog
c:\Users\John\documents\visual studio 2012\Projects\CSIS Lab 2\CSIS Lab 2\Debug\link.7012-rc.read.1.tlog
c:\Users\John\documents\visual studio 2012\Projects\CSIS Lab 2\CSIS Lab 2\Debug\link.7012-rc.write.1.tlog
c:\Users\John\documents\visual studio 2012\Projects\CSIS Lab 2\CSIS Lab 2\Debug\link.7012.read.1.tlog
c:\Users\John\documents\visual studio 2012\Projects\CSIS Lab 2\CSIS Lab 2\Debug\link.7012.write.1.tlog
c:\Users\John\documents\visual studio 2012\Projects\CSIS Lab 2\CSIS Lab 2\Debug\link.7452-cvtres.read.1.tlog
c:\Users\John\documents\visual studio 2012\Projects\CSIS Lab 2\CSIS Lab 2\Debug\link.7452-cvtres.write.1.tlog
c:\Users\John\documents\visual studio 2012\Projects\CSIS Lab 2\CSIS Lab 2\Debug\link.7452-rc.read.1.tlog
c:\Users\John\documents\visual studio 2012\Projects\CSIS Lab 2\CSIS Lab 2\Debug\link.7452-rc.write.1.tlog
c:\Users\John\documents\visual studio 2012\Projects\CSIS Lab 2\CSIS Lab 2\Debug\link.7452.read.1.tlog
c:\Users\John\documents\visual studio 2012\Projects\CSIS Lab 2\CSIS Lab 2\Debug\link.7452.write.1.tlog
c:\Users\John\documents\visual studio 2012\Projects\CSIS Lab 2\CSIS Lab 2\Debug\link.7996-cvtres.read.1.tlog
c:\Users\John\documents\visual studio 2012\Projects\CSIS Lab 2\CSIS Lab 2\Debug\link.7996-cvtres.write.1.tlog
c:\Users\John\documents\visual studio 2012\Projects\CSIS Lab 2\CSIS Lab 2\Debug\link.7996-rc.read.1.tlog
c:\Users\John\documents\visual studio 2012\Projects\CSIS Lab 2\CSIS Lab 2\Debug\link.7996-rc.write.1.tlog
c:\Users\John\documents\visual studio 2012\Projects\CSIS Lab 2\CSIS Lab 2\Debug\link.7996.read.1.tlog
c:\Users\John\documents\visual studio 2012\Projects\CSIS Lab 2\CSIS Lab 2\Debug\link.7996.write.1.tlog
c:\Users\John\documents\visual studio 2012\Projects\CSIS Lab 2\CSIS Lab 2\Debug\link.8012-cvtres.read.1.tlog
c:\Users\John\documents\visual studio 2012\Projects\CSIS Lab 2\CSIS Lab 2\Debug\link.8012-cvtres.write.1.tlog
c:\Users\John\documents\visual studio 2012\Projects\CSIS Lab 2\CSIS Lab 2\Debug\link.8012-rc.read.1.tlog
c:\Users\John\documents\visual studio 2012\Projects\CSIS Lab 2\CSIS Lab 2\Debug\link.8012-rc.write.1.tlog
c:\Users\John\documents\visual studio 2012\Projects\CSIS Lab 2\CSIS Lab 2\Debug\link.8012.read.1.tlog
c:\Users\John\documents\visual studio 2012\Projects\CSIS Lab 2\CSIS Lab 2\Debug\link.8012.write.1.tlog
c:\Users\John\documents\visual studio 2012\Projects\CSIS Lab 2\CSIS Lab 2\Debug\link.8620-cvtres.read.1.tlog
c:\Users\John\documents\visual studio 2012\Projects\CSIS Lab 2\CSIS Lab 2\Debug\link.8620-cvtres.write.1.tlog
c:\Users\John\documents\visual studio 2012\Projects\CSIS Lab 2\CSIS Lab 2\Debug\link.8620-rc.read.1.tlog
c:\Users\John\documents\visual studio 2012\Projects\CSIS Lab 2\CSIS Lab 2\Debug\link.8620-rc.write.1.tlog
c:\Users\John\documents\visual studio 2012\Projects\CSIS Lab 2\CSIS Lab 2\Debug\link.8620.read.1.tlog
c:\Users\John\documents\visual studio 2012\Projects\CSIS Lab 2\CSIS Lab 2\Debug\link.8620.write.1.tlog
c:\Users\John\documents\visual studio 2012\Projects\CSIS Lab 2\CSIS Lab 2\Debug\link.8944-cvtres.read.1.tlog
c:\Users\John\documents\visual studio 2012\Projects\CSIS Lab 2\CSIS Lab 2\Debug\link.8944-cvtres.write.1.tlog
c:\Users\John\documents\visual studio 2012\Projects\CSIS Lab 2\CSIS Lab 2\Debug\link.8944-rc.read.1.tlog
c:\Users\John\documents\visual studio 2012\Projects\CSIS Lab 2\CSIS Lab 2\Debug\link.8944-rc.write.1.tlog
c:\Users\John\documents\visual studio 2012\Projects\CSIS Lab 2\CSIS Lab 2\Debug\link.8944.read.1.tlog
c:\Users\John\documents\visual studio 2012\Projects\CSIS Lab 2\CSIS Lab 2\Debug\link.8944.write.1.tlog
c:\Users\John\documents\visual studio 2012\Projects\CSIS Lab 2\CSIS Lab 2\Debug\link.9028-cvtres.read.1.tlog
c:\Users\John\documents\visual studio 2012\Projects\CSIS Lab 2\CSIS Lab 2\Debug\link.9028-cvtres.write.1.tlog
c:\Users\John\documents\visual studio 2012\Projects\CSIS Lab 2\CSIS Lab 2\Debug\link.9028-rc.read.1.tlog
c:\Users\John\documents\visual studio 2012\Projects\CSIS Lab 2\CSIS Lab 2\Debug\link.9028-rc.write.1.tlog
c:\Users\John\documents\visual studio 2012\Projects\CSIS Lab 2\CSIS Lab 2\Debug\link.9028.read.1.tlog
c:\Users\John\documents\visual studio 2012\Projects\CSIS Lab 2\CSIS Lab 2\Debug\link.9028.write.1.tlog
c:\Users\John\documents\visual studio 2012\Projects\CSIS Lab 2\CSIS Lab 2\Debug\link.9360-cvtres.read.1.tlog
c:\Users\John\documents\visual studio 2012\Projects\CSIS Lab 2\CSIS Lab 2\Debug\link.9360-cvtres.write.1.tlog
c:\Users\John\documents\visual studio 2012\Projects\CSIS Lab 2\CSIS Lab 2\Debug\link.9360-rc.read.1.tlog
c:\Users\John\documents\visual studio 2012\Projects\CSIS Lab 2\CSIS Lab 2\Debug\link.9360-rc.write.1.tlog
c:\Users\John\documents\visual studio 2012\Projects\CSIS Lab 2\CSIS Lab 2\Debug\link.9360.read.1.tlog
c:\Users\John\documents\visual studio 2012\Projects\CSIS Lab 2\CSIS Lab 2\Debug\link.9360.write.1.tlog
c:\Users\John\documents\visual studio 2012\Projects\CSIS Lab 2\CSIS Lab 2\Debug\link.command.1.tlog
c:\Users\John\documents\visual studio 2012\Projects\CSIS Lab 2\CSIS Lab 2\Debug\link.read.1.tlog
c:\Users\John\documents\visual studio 2012\Projects\CSIS Lab 2\CSIS Lab 2\Debug\link.write.1.tlog
c:\Users\John\documents\visual studio 2012\Projects\CSIS Lab 2\CSIS Lab 2\Debug\vc110.idb
c:\Users\John\documents\visual studio 2012\Projects\CSIS Lab 2\CSIS Lab 2\Debug\vc110.pdb
c:\users\john\documents\visual studio 2012\Projects\CSIS Lab 2\Debug\CSIS Lab 2.pdb
c:\users\john\documents\visual studio 2012\Projects\CSIS Lab 2\Debug\CSIS Lab 2.exe
c:\users\john\documents\visual studio 2012\Projects\CSIS Lab 2\Debug\CSIS Lab 2.ilk
